make all --print-data-base --no-builtin-variables --no-builtin-rules --question
# GNU Make 3.81
# Copyright (C) 2006  Free Software Foundation, Inc.
# This is free software; see the source for copying conditions.
# There is NO warranty; not even for MERCHANTABILITY or FITNESS FOR A
# PARTICULAR PURPOSE.

# This program built for i386-apple-darwin11.3.0
 

# Make data base, printed on Sun Jul 24 22:40:19 2022

# Variables

# automatic
<D = $(patsubst %/,%,$(dir $<))
# automatic
?F = $(notdir $?)
# environment
LC_CTYPE = UTF-8
# automatic
?D = $(patsubst %/,%,$(dir $?))
# automatic
@D = $(patsubst %/,%,$(dir $@))
# automatic
@F = $(notdir $@)
# makefile
CURDIR := /Users/hs.choi/Repository/DsOs
# makefile
SHELL = /bin/sh
# environment
VSCODE_NLS_CONFIG = {"locale":"ko","availableLanguages":{"*":"ko"},"_languagePackId":"2dff5cff996ed6cbe8d8aa8740f86aa0.ko","_translationsConfigFile":"/Users/hs.choi/Library/Application Support/Code/clp/2dff5cff996ed6cbe8d8aa8740f86aa0.ko/tcf.json","_cacheRoot":"/Users/hs.choi/Library/Application Support/Code/clp/2dff5cff996ed6cbe8d8aa8740f86aa0.ko","_resolvedLanguagePackCoreLocation":"/Users/hs.choi/Library/Application Support/Code/clp/2dff5cff996ed6cbe8d8aa8740f86aa0.ko/b06ae3b2d2dbfe28bca3134cc6be65935cdfea6a","_corruptedFile":"/Users/hs.choi/Library/Application Support/Code/clp/2dff5cff996ed6cbe8d8aa8740f86aa0.ko/corrupted.info","_languagePackSupport":true}
# environment
_ = /usr/bin/make
# makefile (from `makefile', line 17)
dsos_bin = build/$(OSNAME).bin
# environment
STARSHIP_SESSION_KEY = 5527859329930183
 
# makefile (from `makefile', line 7)
AS = arm-none-eabi-as
# environment
__CFBundleIdentifier = com.microsoft.VSCode
# environment
INFOPATH = /opt/homebrew/share/info:/opt/homebrew/share/info:
# environment
VSCODE_CWD = /Users/hs.choi/Repository/DsOs
# environment
PATH = /opt/homebrew/bin:/opt/homebrew/sbin:/usr/local/bin:/usr/bin:/bin:/usr/sbin:/sbin:/opt/homebrew/bin:/opt/homebrew/sbin:/opt/miniconda3/bin:/opt/miniconda3/condabin:/Users/hs.choi/.cargo/bin
# makefile (from `makefile', line 3)
OSNAME = DsOS
# makefile (from `makefile', line 2)
MCPU = cortex-a8
# makefile (from `makefile', line 8)
LD = arm-none-eabi-ld
# makefile (from `makefile', line 1)
MAKEFILE_LIST :=  makefile
# environment
ELECTRON_RUN_AS_NODE = 1
# default
.FEATURES := target-specific order-only second-expansion else-if archives jobserver check-symlink
# environment
SSH_AUTH_SOCK = /private/tmp/com.apple.launchd.PD7SYhCCPg/Listeners
# automatic
%F = $(notdir $%)
# environment
CONDA_EXE = /opt/miniconda3/bin/conda
# environment
PWD = /Users/hs.choi/Repository/DsOs
# environment
HOMEBREW_CELLAR = /opt/homebrew/Cellar
# environment
ORIGINAL_XDG_CURRENT_DESKTOP = undefined
# environment
MANPATH = /opt/homebrew/share/man:/usr/share/man:/usr/local/share/man:/opt/homebrew/share/man:
# environment
VSCODE_AMD_ENTRYPOINT = vs/workbench/api/node/extensionHostProcess
# environment
HOME = /Users/hs.choi
# makefile (from `makefile', line 14)
ASM_OBJS = $(patsubst boot/%.S,build/%.o,$(ASM_SRCS))
# default
MAKEFILEPATH = $(shell /usr/bin/xcode-select -print-path 2>/dev/null || echo /Developer)/Makefiles
# environment
VSCODE_CODE_CACHE_PATH = /Users/hs.choi/Library/Application Support/Code/CachedData/b06ae3b2d2dbfe28bca3134cc6be65935cdfea6a
# environment
LOGNAME = hs.choi
# environment
APPLICATION_INSIGHTS_NO_DIAGNOSTIC_CHANNEL = 1
# environment
CONDA_PROMPT_MODIFIER = (base) 
# environment
VSCODE_HANDLES_UNCAUGHT_ERRORS = true
# automatic
^D = $(patsubst %/,%,$(dir $^))
# environment
CONDA_DEFAULT_ENV = base
# environment
XPC_FLAGS = 0x0
# default
MAKE = $(MAKE_COMMAND)
# default
MAKECMDGOALS := all
# environment
SHLVL = 2
# makefile (from `makefile', line 6)
CC = arm-none-eabi-gcc
# default
MAKE_VERSION := 3.81
# environment
USER = hs.choi
# makefile
.DEFAULT_GOAL := all
# environment
TERM_SESSION_ID = 75B54A52-8481-484F-A9E3-670C18560E9D
# automatic
%D = $(patsubst %/,%,$(dir $%))
# environment
CONDA_SHLVL = 1
# makefile (from `makefile', line 11)
LINKER_SCRIPT = DsOs.ld
# default
MAKE_COMMAND := /Library/Developer/CommandLineTools/usr/bin/make
# makefile (from `makefile', line 9)
OC = arm-none-eabi-objcopy
# environment
TERM_PROGRAM = Apple_Terminal
# default
.VARIABLES := 
# environment
TMPDIR = /var/folders/ll/dmcm4fx51mb58lwjfh1b481c0000gn/T/
# automatic
*F = $(notdir $*)
# environment
VSCODE_IPC_HOOK = /Users/hs.choi/Library/Application Support/Code/1.69.1-main.sock
# environment
MallocNanoZone = 0
# makefile (from `makefile', line 1)
ARCH = armv7-a
# makefile
MAKEFLAGS = Rrqp
# environment
MFLAGS = -Rrqp
# automatic
*D = $(patsubst %/,%,$(dir $*))
# environment
TERM_PROGRAM_VERSION = 445
# environment
XPC_SERVICE_NAME = application.com.microsoft.VSCode.2722796.2722806.5FBBECB2-B6A5-4493-98E5-E7FB4D569DBA
# environment
HOMEBREW_PREFIX = /opt/homebrew
# automatic
+D = $(patsubst %/,%,$(dir $+))
# automatic
+F = $(notdir $+)
# makefile (from `makefile', line 16)
dsos = build/$(OSNAME).axf
# environment
HOMEBREW_REPOSITORY = /opt/homebrew
# environment
__CF_USER_TEXT_ENCODING = 0x1F5:0x0:0x0
# environment
COMMAND_MODE = unix2003
# default
MAKEFILES := 
# automatic
<F = $(notdir $<)
# makefile (from `makefile', line 13)
ASM_SRCS = $(wildcard boot/*.S)
# environment
LC_ALL = C
# environment
CONDA_PYTHON_EXE = /opt/miniconda3/bin/python
# automatic
^F = $(notdir $^)
# default
SUFFIXES := 
# environment
_CE_M = 
# environment
_CE_CONDA = 
# environment
MAKELEVEL := 0
# environment
CONDA_PREFIX = /opt/miniconda3
# environment
TERM = xterm-256color
# environment
VSCODE_PID = 19982
# environment
STARSHIP_SHELL = zsh
# environment
LANG = C
# variable set hash-table stats:
# Load=89/1024=9%, Rehash=0, Collisions=7/123=6%

# Pattern-specific Variable Values

# No pattern-specific variable values.

# Directories

# . (device 16777229, inode 1161772): 12 files, no impossibilities.
# boot (device 16777229, inode 1161846): 3 files, no impossibilities.

# 15 files, no impossibilities in 2 directories.

# Implicit Rules

build/%.o: boot/%.S
#  commands to execute (from `makefile', line 41):
	mkdir -p $(shell dirname $@)
	$(AS) -march=$(ARCH) -mcpu=$(MCPU) -g -o $@ $<
	

# 1 implicit rules, 0 (0.0%) terminal.

# Files

build/DsOS.axf: build/Entry.o DsOs.ld
#  Implicit rule search has not been done.
#  Last modified 2022-07-24 16:46:23
#  File has been updated.
#  Successfully updated.
# variable set hash-table stats:
# Load=0/32=0%, Rehash=0, Collisions=0/0=0%
#  commands to execute (from `makefile', line 36):
	$(LD) -n -T $(OSNAME).ld -nostdlib -o $(dsos) $(ASM_OBJS)
	$(OC) -O binary $(dsos) $(dsos_bin)
	
 

gdb:
#  Implicit rule search has not been done.
#  Modification time never checked.
#  File has not been updated.
#  commands to execute (from `makefile', line 33):
	arm-none-eabi-gdb
	

all: build/DsOS.axf
#  Phony target (prerequisite of .PHONY).
#  Command-line target.
#  Implicit rule search has not been done.
#  File does not exist.
#  File has been updated.
#  Successfully updated.
# variable set hash-table stats:
# Load=0/32=0%, Rehash=0, Collisions=0/0=0%

.PHONY: all clean run debug
#  Implicit rule search has not been done.
#  Modification time never checked.
#  File has not been updated.

# Not a target:
.SUFFIXES:
#  Implicit rule search has not been done.
#  Modification time never checked.
#  File has not been updated.

debug: build/DsOS.axf
#  Phony target (prerequisite of .PHONY).
#  Implicit rule search has not been done.
#  File does not exist.
#  File has not been updated.
#  commands to execute (from `makefile', line 30):
	qemu-system-arm -M realview-pb-a8 -kernel $(dsos) -S -gdb tcp::1234,ipv4
	

# Not a target:
makefile:
#  Implicit rule search has been done.
#  Last modified 2022-07-24 16:51:42
#  File has been updated.
#  Successfully updated.
# variable set hash-table stats:
# Load=0/32=0%, Rehash=0, Collisions=0/0=0%

# Not a target:
.DEFAULT:
#  Implicit rule search has not been done.
#  Modification time never checked.
#  File has not been updated.

run: build/DsOS.axf
#  Phony target (prerequisite of .PHONY).
#  Implicit rule search has not been done.
#  File does not exist.
#  File has not been updated.
#  commands to execute (from `makefile', line 27):
	qemu-system-arm -M realview-pb-a8 -kernel $(dsos)
	

clean:
#  Phony target (prerequisite of .PHONY).
#  Implicit rule search has not been done.
#  File does not exist.
#  File has not been updated.
#  commands to execute (from `makefile', line 24):
	rm -fr build
	

# Not a target:
boot/Entry.S:
#  Implicit rule search has been done.
#  Last modified 2022-06-22 12:37:25
#  File has been updated.
#  Successfully updated.
# variable set hash-table stats:
# Load=0/32=0%, Rehash=0, Collisions=0/0=0%

# Not a target:
DsOs.ld:
#  Implicit rule search has been done.
#  Last modified 2022-06-22 12:37:25
#  File has been updated.
#  Successfully updated.
# variable set hash-table stats:
# Load=0/32=0%, Rehash=0, Collisions=0/0=0%

build/Entry.o: boot/Entry.S
#  Implicit rule search has been done.
#  Implicit/static pattern stem: `Entry'
#  Last modified 2022-07-24 16:46:23
#  File has been updated.
#  Successfully updated.
# variable set hash-table stats:
# Load=0/32=0%, Rehash=0, Collisions=0/0=0%
#  commands to execute (from `makefile', line 41):
	mkdir -p $(shell dirname $@)
	$(AS) -march=$(ARCH) -mcpu=$(MCPU) -g -o $@ $<
	

# files hash-table stats:
# Load=13/1024=1%, Rehash=0, Collisions=0/38=0%
# VPATH Search Paths

# No `vpath' search paths.

# No general (`VPATH' variable) search path.

# # of strings in strcache: 1
# # of strcache buffers: 1
# strcache size: total = 4096 / max = 4096 / min = 4096 / avg = 4096
# strcache free: total = 4087 / max = 4087 / min = 4087 / avg = 4087

# Finished Make data base on Sun Jul 24 22:40:19 2022

 
